<?xml version="1.0" encoding="UTF-8"?>
<!-- Generated by org.testng.reporters.JUnitXMLReporter -->
<testsuite hostname="StephLaptop" failures="0" tests="3" name="Default test" time="2.153" errors="0" timestamp="17 Aug 2024 05:19:32 GMT">
  <testcase classname="assessment02.assessment02.NewLibraryTest" name="testFooterPresence" time="0.155"/>
  <testcase classname="assessment02.assessment02.NewLibraryTest" name="testNavbarLinks" time="0.089"/>
  <testcase classname="assessment02.assessment02.NewLibraryTest" name="testTableContent" time="0.555"/>
</testsuite> <!-- Default test -->
