<?xml version="1.0" encoding="UTF-8"?>
<testng-results total="3" passed="3" failed="0" skipped="0">
  <reporter-output>
  </reporter-output>
  <suite started-at="2024-08-17T05:19:30Z" name="Default suite" finished-at="2024-08-17T05:19:32Z" duration-ms="2153">
    <groups>
    </groups>
    <test started-at="2024-08-17T05:19:30Z" name="Default test" finished-at="2024-08-17T05:19:32Z" duration-ms="2153">
      <class name="assessment02.assessment02.NewLibraryTest">
        <test-method is-config="true" signature="setUp()[pri:0, instance:assessment02.assessment02.NewLibraryTest@12968227]" started-at="2024-08-17T13:19:30Z" name="setUp" finished-at="2024-08-17T13:19:31Z" duration-ms="1256" status="PASS">
          <reporter-output>
          </reporter-output>
        </test-method> <!-- setUp -->
        <test-method signature="testFooterPresence()[pri:0, instance:assessment02.assessment02.NewLibraryTest@12968227]" started-at="2024-08-17T13:19:31Z" name="testFooterPresence" finished-at="2024-08-17T13:19:31Z" duration-ms="155" status="PASS">
          <reporter-output>
          </reporter-output>
        </test-method> <!-- testFooterPresence -->
        <test-method signature="testNavbarLinks()[pri:0, instance:assessment02.assessment02.NewLibraryTest@12968227]" started-at="2024-08-17T13:19:31Z" name="testNavbarLinks" finished-at="2024-08-17T13:19:31Z" duration-ms="89" status="PASS">
          <reporter-output>
          </reporter-output>
        </test-method> <!-- testNavbarLinks -->
        <test-method signature="testTableContent()[pri:0, instance:assessment02.assessment02.NewLibraryTest@12968227]" started-at="2024-08-17T13:19:31Z" name="testTableContent" finished-at="2024-08-17T13:19:32Z" duration-ms="555" status="PASS">
          <reporter-output>
          </reporter-output>
        </test-method> <!-- testTableContent -->
        <test-method is-config="true" signature="tearDown()[pri:0, instance:assessment02.assessment02.NewLibraryTest@12968227]" started-at="2024-08-17T13:19:32Z" name="tearDown" finished-at="2024-08-17T13:19:32Z" duration-ms="83" status="PASS">
          <reporter-output>
          </reporter-output>
        </test-method> <!-- tearDown -->
      </class> <!-- assessment02.assessment02.NewLibraryTest -->
    </test> <!-- Default test -->
  </suite> <!-- Default suite -->
</testng-results>
